2020-02-01T19:07:09.318Z - debug: Database open [STARTED]...
2020-02-01T19:09:13.774Z - debug: Database open [STARTED]...
2020-02-01T19:14:38.640Z - debug: Database open [STARTED]...
2020-02-01T19:22:03.649Z - debug: Database open [STARTED]...
2020-02-01T19:24:27.263Z - debug: Database open [STARTED]...
2020-02-01T19:27:55.814Z - debug: Database open [STARTED]...
2020-02-01T19:28:31.924Z - debug: Database open [STARTED]...
2020-02-01T19:29:19.224Z - debug: Database open [STARTED]...
2020-02-01T19:29:24.529Z - debug: Database open [STARTED]...
2020-02-01T19:31:48.118Z - debug: Database open [STARTED]...
2020-02-01T19:37:19.781Z - debug: Database open [STARTED]...
2020-02-01T19:37:43.711Z - debug: Database open [STARTED]...
2020-02-01T19:40:11.402Z - debug: Database open [STARTED]...
2020-02-01T19:42:43.498Z - debug: Database open [STARTED]...
2020-02-01T19:43:21.692Z - debug: Database open [STARTED]...
2020-02-01T19:45:45.846Z - debug: Database open [STARTED]...
2020-02-01T19:46:26.103Z - debug: Database open [STARTED]...
2020-02-01T19:46:42.031Z - debug: Database open [STARTED]...
2020-02-01T19:51:17.006Z - debug: Database open [STARTED]...
2020-02-01T19:56:53.319Z - debug: Database open [STARTED]...
2020-02-01T20:16:44.765Z - debug: Database open [STARTED]...
2020-02-01T20:17:13.467Z - debug: Database open [STARTED]...
2020-02-01T20:17:24.568Z - debug: Database open [STARTED]...
2020-02-01T20:17:58.451Z - debug: Database open [STARTED]...
2020-02-01T20:18:55.563Z - debug: Database open [STARTED]...
2020-02-01T20:20:27.110Z - debug: Database open [STARTED]...
2020-02-01T20:23:25.796Z - debug: Database open [STARTED]...
2020-02-01T20:31:06.394Z - debug: Database open [STARTED]...
2020-02-01T20:31:23.538Z - debug: Database open [STARTED]...
2020-02-01T20:31:47.864Z - debug: Database open [STARTED]...
2020-02-01T20:49:06.659Z - debug: Database open [STARTED]...
2020-02-01T20:49:32.605Z - debug: Database open [STARTED]...
2020-02-01T20:50:45.596Z - debug: Database open [STARTED]...
2020-02-01T20:52:19.106Z - debug: Database open [STARTED]...
2020-02-01T20:53:58.171Z - debug: Database open [STARTED]...
2020-02-01T21:04:31.654Z - debug: Database open [STARTED]...
2020-02-01T21:05:01.678Z - debug: Database open [STARTED]...
2020-02-01T21:11:41.726Z - debug: Database open [STARTED]...
2020-02-01T21:20:02.791Z - debug: Database open [STARTED]...
2020-02-01T21:21:14.498Z - debug: Database open [STARTED]...
2020-02-01T21:23:43.611Z - debug: Database open [STARTED]...
2020-02-01T21:25:31.073Z - debug: Database open [STARTED]...
2020-02-01T21:25:51.829Z - debug: Database open [STARTED]...
2020-02-01T21:29:01.668Z - debug: Database open [STARTED]...
2020-02-01T21:35:44.458Z - debug: Database open [STARTED]...
2020-02-01T21:36:04.703Z - debug: Database open [STARTED]...
2020-02-01T21:36:40.881Z - debug: Database open [STARTED]...
2020-02-01T21:37:12.480Z - debug: Database open [STARTED]...
2020-02-01T21:38:02.531Z - debug: Database open [STARTED]...
2020-02-01T21:41:17.820Z - debug: Database open [STARTED]...
2020-02-01T21:41:59.362Z - debug: Database open [STARTED]...
2020-02-01T21:42:16.067Z - debug: Database open [STARTED]...
2020-02-01T21:47:47.574Z - debug: Database open [STARTED]...
2020-02-01T21:48:05.842Z - debug: Database open [STARTED]...
2020-02-01T21:48:35.459Z - debug: Database open [STARTED]...
2020-02-01T21:50:07.361Z - debug: Database open [STARTED]...
2020-02-01T21:51:40.370Z - debug: Database open [STARTED]...
2020-02-01T21:51:56.539Z - debug: Database open [STARTED]...
2020-02-01T21:52:03.697Z - debug: Database open [STARTED]...
2020-02-01T21:52:10.011Z - debug: Database open [STARTED]...
2020-02-01T21:52:31.729Z - debug: Database open [STARTED]...
2020-02-01T21:53:22.183Z - debug: Database open [STARTED]...
2020-02-01T21:55:25.546Z - debug: Database open [STARTED]...
2020-02-01T21:55:38.746Z - debug: Database open [STARTED]...
2020-02-01T21:56:18.618Z - debug: Database open [STARTED]...
2020-02-01T21:57:19.082Z - debug: Database open [STARTED]...
2020-02-01T21:59:41.925Z - debug: Database open [STARTED]...
2020-02-01T21:59:49.565Z - debug: Database open [STARTED]...
2020-02-01T22:00:12.617Z - debug: Database open [STARTED]...
2020-02-01T22:00:31.346Z - debug: Database open [STARTED]...
2020-02-01T22:01:40.459Z - debug: Database open [STARTED]...
2020-02-01T22:02:15.142Z - debug: Database open [STARTED]...
2020-02-01T22:02:39.637Z - debug: Database open [STARTED]...
2020-02-01T22:03:17.628Z - debug: Database open [STARTED]...
2020-02-01T22:06:22.175Z - debug: Database open [STARTED]...
2020-02-01T22:07:51.241Z - debug: Database open [STARTED]...
2020-02-01T22:08:14.803Z - debug: Database open [STARTED]...
2020-02-01T22:08:30.930Z - debug: Database open [STARTED]...
2020-02-01T22:09:50.917Z - debug: Database open [STARTED]...
2020-02-01T22:10:16.246Z - debug: Database open [STARTED]...
2020-02-01T22:11:33.498Z - debug: Database open [STARTED]...
2020-02-01T22:14:30.802Z - debug: Database open [STARTED]...
2020-02-01T22:15:04.024Z - debug: Database open [STARTED]...
2020-02-01T22:16:29.095Z - debug: Database open [STARTED]...
2020-02-01T22:22:17.320Z - debug: Database open [STARTED]...
2020-02-01T22:22:32.258Z - debug: Database open [STARTED]...
2020-02-01T22:22:48.743Z - debug: Database open [STARTED]...
2020-02-01T22:23:45.841Z - debug: Database open [STARTED]...
2020-02-01T22:23:57.728Z - debug: Database open [STARTED]...
2020-02-01T22:25:18.458Z - debug: Database open [STARTED]...
2020-02-01T22:26:24.552Z - debug: Database open [STARTED]...
2020-02-01T22:27:48.081Z - debug: Database open [STARTED]...
2020-02-01T22:28:33.546Z - debug: Database open [STARTED]...
2020-02-01T22:28:44.935Z - debug: Database open [STARTED]...
2020-02-01T22:30:58.999Z - debug: Database open [STARTED]...
2020-02-01T22:31:13.498Z - debug: Database open [STARTED]...
2020-02-01T22:31:30.694Z - debug: Database open [STARTED]...
2020-02-01T22:36:18.794Z - debug: Database open [STARTED]...
2020-02-01T22:37:08.648Z - debug: Database open [STARTED]...
2020-02-01T22:45:30.047Z - debug: Database open [STARTED]...
2020-02-01T22:46:21.992Z - debug: Database open [STARTED]...
2020-02-01T22:46:32.614Z - debug: Database open [STARTED]...
2020-02-01T22:46:53.336Z - debug: Database open [STARTED]...
2020-02-01T22:51:37.805Z - debug: Database open [STARTED]...
2020-02-01T22:54:08.761Z - debug: Database open [STARTED]...
2020-02-01T22:54:42.093Z - debug: Database open [STARTED]...
2020-02-01T22:56:53.395Z - error: Failed to initialize database message=Foreign key for "Product" is missing on "OrderItem"., stack=Error: Foreign key for "Product" is missing on "OrderItem".
    at getForeignKey (/Users/cemil/cddev/nodejs/ilyas/server/node_modules/sequelize-typescript/lib/services/association.js:100:11)
    at Object.processAssociation (/Users/cemil/cddev/nodejs/ilyas/server/node_modules/sequelize-typescript/lib/services/association.js:168:22)
    at /Users/cemil/cddev/nodejs/ilyas/server/node_modules/sequelize-typescript/lib/models/BaseSequelize.js:80:80
    at Array.forEach (<anonymous>)
    at /Users/cemil/cddev/nodejs/ilyas/server/node_modules/sequelize-typescript/lib/models/BaseSequelize.js:80:26
    at Array.forEach (<anonymous>)
    at Sequelize.BaseSequelize.associateModels (/Users/cemil/cddev/nodejs/ilyas/server/node_modules/sequelize-typescript/lib/models/BaseSequelize.js:76:16)
    at Sequelize.BaseSequelize.addModels (/Users/cemil/cddev/nodejs/ilyas/server/node_modules/sequelize-typescript/lib/models/BaseSequelize.js:62:14)
    at Models.initModels (/Users/cemil/cddev/nodejs/ilyas/server/dist/models/index.js:44:24)
    at Function.initializeDatabase (/Users/cemil/cddev/nodejs/ilyas/server/dist/server.js:48:23)
    at Function.<anonymous> (/Users/cemil/cddev/nodejs/ilyas/server/dist/server.js:31:34)
    at Generator.next (<anonymous>)
    at /Users/cemil/cddev/nodejs/ilyas/server/dist/server.js:8:71
    at new Promise (<anonymous>)
    at __awaiter (/Users/cemil/cddev/nodejs/ilyas/server/dist/server.js:4:12)
    at Function.initializeApp (/Users/cemil/cddev/nodejs/ilyas/server/dist/server.js:25:16)
    at Object.<anonymous> (/Users/cemil/cddev/nodejs/ilyas/server/dist/app.js:7:17)
    at Module._compile (internal/modules/cjs/loader.js:689:30)
    at Object.Module._extensions..js (internal/modules/cjs/loader.js:700:10)
    at Module.load (internal/modules/cjs/loader.js:599:32)
    at tryModuleLoad (internal/modules/cjs/loader.js:538:12)
    at Function.Module._load (internal/modules/cjs/loader.js:530:3)
2020-02-01T22:56:58.995Z - error: Failed to initialize database message=Foreign key for "Product" is missing on "OrderItem"., stack=Error: Foreign key for "Product" is missing on "OrderItem".
    at getForeignKey (/Users/cemil/cddev/nodejs/ilyas/server/node_modules/sequelize-typescript/lib/services/association.js:100:11)
    at Object.processAssociation (/Users/cemil/cddev/nodejs/ilyas/server/node_modules/sequelize-typescript/lib/services/association.js:168:22)
    at /Users/cemil/cddev/nodejs/ilyas/server/node_modules/sequelize-typescript/lib/models/BaseSequelize.js:80:80
    at Array.forEach (<anonymous>)
    at /Users/cemil/cddev/nodejs/ilyas/server/node_modules/sequelize-typescript/lib/models/BaseSequelize.js:80:26
    at Array.forEach (<anonymous>)
    at Sequelize.BaseSequelize.associateModels (/Users/cemil/cddev/nodejs/ilyas/server/node_modules/sequelize-typescript/lib/models/BaseSequelize.js:76:16)
    at Sequelize.BaseSequelize.addModels (/Users/cemil/cddev/nodejs/ilyas/server/node_modules/sequelize-typescript/lib/models/BaseSequelize.js:62:14)
    at Models.initModels (/Users/cemil/cddev/nodejs/ilyas/server/dist/models/index.js:44:24)
    at Function.initializeDatabase (/Users/cemil/cddev/nodejs/ilyas/server/dist/server.js:48:23)
    at Function.<anonymous> (/Users/cemil/cddev/nodejs/ilyas/server/dist/server.js:31:34)
    at Generator.next (<anonymous>)
    at /Users/cemil/cddev/nodejs/ilyas/server/dist/server.js:8:71
    at new Promise (<anonymous>)
    at __awaiter (/Users/cemil/cddev/nodejs/ilyas/server/dist/server.js:4:12)
    at Function.initializeApp (/Users/cemil/cddev/nodejs/ilyas/server/dist/server.js:25:16)
    at Object.<anonymous> (/Users/cemil/cddev/nodejs/ilyas/server/dist/app.js:7:17)
    at Module._compile (internal/modules/cjs/loader.js:689:30)
    at Object.Module._extensions..js (internal/modules/cjs/loader.js:700:10)
    at Module.load (internal/modules/cjs/loader.js:599:32)
    at tryModuleLoad (internal/modules/cjs/loader.js:538:12)
    at Function.Module._load (internal/modules/cjs/loader.js:530:3)
